[2026-04-09 15:07:48] [info] Start Program:
Path:"C:\\Users\\Puiu\\OneDrive\\Desktop\\Cursuri, seminarii, laburi\\EU\\ANUL I\\SEM II\\OOP\\lab_assignments_oop\\a4-5-Hazy2006\\MasterCPP\\x64\\Debug\\MasterCPP.exe"
Arguments:
Working directory: not set.
Modules: Selected: * Excluded: 
Sources: Selected: C:\Users\Puiu\OneDrive\Desktop\Cursuri, seminarii, laburi\EU\ANUL I\SEM II\OOP\lab_assignments_oop\a4-5-Hazy2006\MasterCPP Excluded: ui.cpp 
Log Level: Normal
Cover Children: 0
Aggregate by file: 1
Continue after C++ exception: 0
Optimized build support: 0
Export: html coverage_report 
Input coverage: 
Unified diff: 
Excluded line regular expressions: 
Substitute pdb source paths: 
[2026-04-09 15:07:48] [info] Module: C:\Users\Puiu\OneDrive\Desktop\Cursuri, seminarii, laburi\EU\ANUL I\SEM II\OOP\lab_assignments_oop\a4-5-Hazy2006\MasterCPP\x64\Debug\MasterCPP.exe is selected because it matches selected pattern: *
[2026-04-09 15:07:48] [info] Module: C:\Windows\System32\ntdll.dll is selected because it matches selected pattern: *
[2026-04-09 15:07:48] [info] Module: C:\Windows\System32\kernel32.dll is selected because it matches selected pattern: *
[2026-04-09 15:07:48] [info] Module: C:\Windows\System32\KernelBase.dll is selected because it matches selected pattern: *
[2026-04-09 15:07:48] [info] Module: C:\Windows\System32\msvcp140d.dll is selected because it matches selected pattern: *
[2026-04-09 15:07:48] [info] Module: C:\Windows\System32\vcruntime140_1d.dll is selected because it matches selected pattern: *
[2026-04-09 15:07:48] [info] Module: C:\Windows\System32\vcruntime140d.dll is selected because it matches selected pattern: *
[2026-04-09 15:07:48] [info] Module: C:\Windows\System32\vcruntime140d.dll is selected because it matches selected pattern: *
[2026-04-09 15:07:48] [info] Module: C:\Windows\System32\ucrtbased.dll is selected because it matches selected pattern: *
[2026-04-09 15:07:49] [info] Module: C:\Windows\System32\kernel.appcore.dll is selected because it matches selected pattern: *
[2026-04-09 15:07:49] [info] Module: C:\Windows\System32\msvcrt.dll is selected because it matches selected pattern: *
[2026-04-09 15:07:50] [info] ----------------------------------------------------
[2026-04-09 15:07:50] [info] Coverage generated in Folder C:\Users\Puiu\OneDrive\Desktop\Cursuri, seminarii, laburi\EU\ANUL I\SEM II\OOP\lab_assignments_oop\a4-5-Hazy2006\MasterCPP\coverage_report
[2026-04-09 15:07:50] [info] ----------------------------------------------------
[2026-04-09 15:07:50] [info] The code coverage report is not what you expect? See the FAQ https://github.com/OpenCppCoverage/OpenCppCoverage/wiki/FAQ.
